{"/home/dante/Documents/Programming/nodejs/git-lib/git.js":{"path":"/home/dante/Documents/Programming/nodejs/git-lib/git.js","s":{"1":30,"2":30,"3":30,"4":30,"5":30,"6":30,"7":30,"8":30,"9":30,"10":2,"11":2,"12":2,"13":1,"14":1,"15":30,"16":2,"17":2,"18":2,"19":2,"20":1,"21":1,"22":30,"23":2,"24":2,"25":2,"26":1,"27":1,"28":30,"29":2,"30":2,"31":2,"32":1,"33":1,"34":1,"35":1,"36":7,"37":1,"38":1,"39":30,"40":2,"41":2,"42":2,"43":1,"44":1,"45":1,"46":1,"47":30,"48":3,"49":3,"50":3,"51":1,"52":2,"53":2,"54":2,"55":1,"56":1,"57":30,"58":2,"59":2,"60":2,"61":1,"62":1,"63":1,"64":1,"65":1,"66":30,"67":3,"68":3,"69":3,"70":5,"71":5,"72":2,"73":3,"74":3,"75":1,"76":2,"77":30,"78":1,"79":1,"80":1,"81":0,"82":1,"83":30,"84":1,"85":30,"86":1,"87":1,"88":1,"89":1,"90":5,"91":5,"92":3,"93":3,"94":3,"95":2,"96":1,"97":1,"98":1,"99":3,"100":2,"101":1,"102":30,"103":2,"104":2,"105":2,"106":1,"107":1,"108":1,"109":2,"110":2,"111":2,"112":1,"113":1,"114":1,"115":1,"116":30,"117":2,"118":2,"119":2,"120":1,"121":1,"122":30,"123":2,"124":2,"125":2,"126":1,"127":1,"128":30,"129":2,"130":2,"131":2,"132":1,"133":1,"134":30},"b":{"1":[1,1],"2":[2,2],"3":[1,1],"4":[1,1],"5":[1,1],"6":[1,6],"7":[1,1],"8":[1,2],"9":[1,1],"10":[1,1],"11":[2,1],"12":[2,3],"13":[1,2],"14":[0,1],"15":[1,0],"16":[3,2],"17":[2,1],"18":[1,1],"19":[1,1],"20":[1,1],"21":[1,1],"22":[1,1]},"f":{"1":2,"2":2,"3":2,"4":2,"5":2,"6":2,"7":2,"8":2,"9":2,"10":2,"11":2,"12":2,"13":7,"14":2,"15":2,"16":2,"17":3,"18":3,"19":3,"20":2,"21":2,"22":2,"23":3,"24":3,"25":5,"26":5,"27":3,"28":1,"29":1,"30":1,"31":1,"32":1,"33":5,"34":1,"35":3,"36":2,"37":2,"38":2,"39":2,"40":2,"41":2,"42":2,"43":2,"44":2,"45":2,"46":2,"47":2,"48":2,"49":2,"50":2},"fnMap":{"1":{"name":"(anonymous_1)","line":11,"loc":{"start":{"line":11,"column":10},"end":{"line":11,"column":25}}},"2":{"name":"(anonymous_2)","line":12,"loc":{"start":{"line":12,"column":23},"end":{"line":12,"column":48}}},"3":{"name":"(anonymous_3)","line":13,"loc":{"start":{"line":13,"column":33},"end":{"line":13,"column":46}}},"4":{"name":"(anonymous_4)","line":24,"loc":{"start":{"line":24,"column":13},"end":{"line":24,"column":39}}},"5":{"name":"(anonymous_5)","line":26,"loc":{"start":{"line":26,"column":23},"end":{"line":26,"column":48}}},"6":{"name":"(anonymous_6)","line":27,"loc":{"start":{"line":27,"column":66},"end":{"line":27,"column":79}}},"7":{"name":"(anonymous_7)","line":38,"loc":{"start":{"line":38,"column":23},"end":{"line":38,"column":33}}},"8":{"name":"(anonymous_8)","line":39,"loc":{"start":{"line":39,"column":23},"end":{"line":39,"column":48}}},"9":{"name":"(anonymous_9)","line":40,"loc":{"start":{"line":40,"column":48},"end":{"line":40,"column":69}}},"10":{"name":"(anonymous_10)","line":51,"loc":{"start":{"line":51,"column":21},"end":{"line":51,"column":31}}},"11":{"name":"(anonymous_11)","line":52,"loc":{"start":{"line":52,"column":23},"end":{"line":52,"column":48}}},"12":{"name":"(anonymous_12)","line":53,"loc":{"start":{"line":53,"column":27},"end":{"line":53,"column":48}}},"13":{"name":"(anonymous_13)","line":60,"loc":{"start":{"line":60,"column":31},"end":{"line":60,"column":45}}},"14":{"name":"(anonymous_14)","line":71,"loc":{"start":{"line":71,"column":21},"end":{"line":71,"column":31}}},"15":{"name":"(anonymous_15)","line":72,"loc":{"start":{"line":72,"column":23},"end":{"line":72,"column":48}}},"16":{"name":"(anonymous_16)","line":73,"loc":{"start":{"line":73,"column":46},"end":{"line":73,"column":67}}},"17":{"name":"(anonymous_17)","line":86,"loc":{"start":{"line":86,"column":24},"end":{"line":86,"column":34}}},"18":{"name":"(anonymous_18)","line":87,"loc":{"start":{"line":87,"column":23},"end":{"line":87,"column":48}}},"19":{"name":"(anonymous_19)","line":88,"loc":{"start":{"line":88,"column":27},"end":{"line":88,"column":48}}},"20":{"name":"(anonymous_20)","line":106,"loc":{"start":{"line":106,"column":24},"end":{"line":106,"column":34}}},"21":{"name":"(anonymous_21)","line":107,"loc":{"start":{"line":107,"column":23},"end":{"line":107,"column":48}}},"22":{"name":"(anonymous_22)","line":108,"loc":{"start":{"line":108,"column":37},"end":{"line":108,"column":58}}},"23":{"name":"(anonymous_23)","line":122,"loc":{"start":{"line":122,"column":13},"end":{"line":122,"column":28}}},"24":{"name":"(anonymous_24)","line":124,"loc":{"start":{"line":124,"column":23},"end":{"line":124,"column":48}}},"25":{"name":"(anonymous_25)","line":125,"loc":{"start":{"line":125,"column":26},"end":{"line":125,"column":46}}},"26":{"name":"(anonymous_26)","line":126,"loc":{"start":{"line":126,"column":44},"end":{"line":126,"column":57}}},"27":{"name":"(anonymous_27)","line":134,"loc":{"start":{"line":134,"column":11},"end":{"line":134,"column":24}}},"28":{"name":"(anonymous_28)","line":145,"loc":{"start":{"line":145,"column":12},"end":{"line":145,"column":22}}},"29":{"name":"(anonymous_29)","line":146,"loc":{"start":{"line":146,"column":23},"end":{"line":146,"column":48}}},"30":{"name":"(anonymous_30)","line":147,"loc":{"start":{"line":147,"column":51},"end":{"line":147,"column":72}}},"31":{"name":"(anonymous_31)","line":158,"loc":{"start":{"line":158,"column":16},"end":{"line":158,"column":26}}},"32":{"name":"(anonymous_32)","line":163,"loc":{"start":{"line":163,"column":9},"end":{"line":163,"column":25}}},"33":{"name":"(anonymous_33)","line":167,"loc":{"start":{"line":167,"column":23},"end":{"line":167,"column":39}}},"34":{"name":"(anonymous_34)","line":180,"loc":{"start":{"line":180,"column":11},"end":{"line":180,"column":27}}},"35":{"name":"(anonymous_35)","line":182,"loc":{"start":{"line":182,"column":35},"end":{"line":182,"column":51}}},"36":{"name":"(anonymous_36)","line":192,"loc":{"start":{"line":192,"column":11},"end":{"line":192,"column":21}}},"37":{"name":"(anonymous_37)","line":193,"loc":{"start":{"line":193,"column":27},"end":{"line":193,"column":52}}},"38":{"name":"(anonymous_38)","line":194,"loc":{"start":{"line":194,"column":33},"end":{"line":194,"column":54}}},"39":{"name":"(anonymous_39)","line":205,"loc":{"start":{"line":205,"column":9},"end":{"line":205,"column":19}}},"40":{"name":"(anonymous_40)","line":206,"loc":{"start":{"line":206,"column":27},"end":{"line":206,"column":52}}},"41":{"name":"(anonymous_41)","line":207,"loc":{"start":{"line":207,"column":34},"end":{"line":207,"column":55}}},"42":{"name":"(anonymous_42)","line":221,"loc":{"start":{"line":221,"column":15},"end":{"line":221,"column":31}}},"43":{"name":"(anonymous_43)","line":222,"loc":{"start":{"line":222,"column":23},"end":{"line":222,"column":48}}},"44":{"name":"(anonymous_44)","line":223,"loc":{"start":{"line":223,"column":39},"end":{"line":223,"column":60}}},"45":{"name":"(anonymous_45)","line":234,"loc":{"start":{"line":234,"column":16},"end":{"line":234,"column":39}}},"46":{"name":"(anonymous_46)","line":235,"loc":{"start":{"line":235,"column":23},"end":{"line":235,"column":48}}},"47":{"name":"(anonymous_47)","line":236,"loc":{"start":{"line":236,"column":49},"end":{"line":236,"column":62}}},"48":{"name":"(anonymous_48)","line":247,"loc":{"start":{"line":247,"column":19},"end":{"line":247,"column":35}}},"49":{"name":"(anonymous_49)","line":248,"loc":{"start":{"line":248,"column":23},"end":{"line":248,"column":48}}},"50":{"name":"(anonymous_50)","line":249,"loc":{"start":{"line":249,"column":40},"end":{"line":249,"column":53}}}},"statementMap":{"1":{"start":{"line":2,"column":0},"end":{"line":2,"column":33}},"2":{"start":{"line":3,"column":0},"end":{"line":3,"column":41}},"3":{"start":{"line":4,"column":0},"end":{"line":4,"column":29}},"4":{"start":{"line":5,"column":0},"end":{"line":5,"column":23}},"5":{"start":{"line":6,"column":0},"end":{"line":6,"column":27}},"6":{"start":{"line":7,"column":0},"end":{"line":7,"column":26}},"7":{"start":{"line":8,"column":0},"end":{"line":8,"column":18}},"8":{"start":{"line":9,"column":0},"end":{"line":9,"column":17}},"9":{"start":{"line":11,"column":0},"end":{"line":22,"column":2}},"10":{"start":{"line":12,"column":4},"end":{"line":21,"column":7}},"11":{"start":{"line":13,"column":8},"end":{"line":20,"column":11}},"12":{"start":{"line":14,"column":12},"end":{"line":19,"column":13}},"13":{"start":{"line":15,"column":16},"end":{"line":15,"column":28}},"14":{"start":{"line":18,"column":16},"end":{"line":18,"column":26}},"15":{"start":{"line":24,"column":0},"end":{"line":36,"column":2}},"16":{"start":{"line":25,"column":4},"end":{"line":25,"column":28}},"17":{"start":{"line":26,"column":4},"end":{"line":35,"column":7}},"18":{"start":{"line":27,"column":8},"end":{"line":34,"column":11}},"19":{"start":{"line":28,"column":12},"end":{"line":33,"column":13}},"20":{"start":{"line":29,"column":16},"end":{"line":29,"column":28}},"21":{"start":{"line":32,"column":16},"end":{"line":32,"column":26}},"22":{"start":{"line":38,"column":0},"end":{"line":49,"column":2}},"23":{"start":{"line":39,"column":4},"end":{"line":48,"column":7}},"24":{"start":{"line":40,"column":8},"end":{"line":47,"column":11}},"25":{"start":{"line":41,"column":12},"end":{"line":46,"column":13}},"26":{"start":{"line":42,"column":16},"end":{"line":42,"column":28}},"27":{"start":{"line":45,"column":16},"end":{"line":45,"column":53}},"28":{"start":{"line":51,"column":0},"end":{"line":69,"column":2}},"29":{"start":{"line":52,"column":4},"end":{"line":68,"column":7}},"30":{"start":{"line":53,"column":8},"end":{"line":67,"column":11}},"31":{"start":{"line":54,"column":12},"end":{"line":66,"column":13}},"32":{"start":{"line":55,"column":16},"end":{"line":55,"column":28}},"33":{"start":{"line":58,"column":16},"end":{"line":58,"column":36}},"34":{"start":{"line":59,"column":16},"end":{"line":59,"column":44}},"35":{"start":{"line":60,"column":16},"end":{"line":64,"column":19}},"36":{"start":{"line":61,"column":20},"end":{"line":63,"column":21}},"37":{"start":{"line":62,"column":24},"end":{"line":62,"column":46}},"38":{"start":{"line":65,"column":16},"end":{"line":65,"column":47}},"39":{"start":{"line":71,"column":0},"end":{"line":84,"column":2}},"40":{"start":{"line":72,"column":4},"end":{"line":83,"column":7}},"41":{"start":{"line":73,"column":8},"end":{"line":82,"column":11}},"42":{"start":{"line":74,"column":12},"end":{"line":81,"column":13}},"43":{"start":{"line":75,"column":16},"end":{"line":75,"column":28}},"44":{"start":{"line":78,"column":16},"end":{"line":78,"column":47}},"45":{"start":{"line":79,"column":16},"end":{"line":79,"column":28}},"46":{"start":{"line":80,"column":16},"end":{"line":80,"column":31}},"47":{"start":{"line":86,"column":0},"end":{"line":104,"column":2}},"48":{"start":{"line":87,"column":4},"end":{"line":103,"column":7}},"49":{"start":{"line":88,"column":8},"end":{"line":102,"column":11}},"50":{"start":{"line":89,"column":12},"end":{"line":101,"column":13}},"51":{"start":{"line":90,"column":16},"end":{"line":90,"column":28}},"52":{"start":{"line":93,"column":16},"end":{"line":93,"column":43}},"53":{"start":{"line":94,"column":16},"end":{"line":94,"column":29}},"54":{"start":{"line":95,"column":16},"end":{"line":100,"column":17}},"55":{"start":{"line":96,"column":20},"end":{"line":96,"column":59}},"56":{"start":{"line":99,"column":20},"end":{"line":99,"column":30}},"57":{"start":{"line":106,"column":0},"end":{"line":120,"column":2}},"58":{"start":{"line":107,"column":4},"end":{"line":119,"column":7}},"59":{"start":{"line":108,"column":8},"end":{"line":118,"column":11}},"60":{"start":{"line":109,"column":12},"end":{"line":117,"column":13}},"61":{"start":{"line":110,"column":16},"end":{"line":110,"column":28}},"62":{"start":{"line":113,"column":16},"end":{"line":113,"column":36}},"63":{"start":{"line":114,"column":16},"end":{"line":114,"column":44}},"64":{"start":{"line":115,"column":16},"end":{"line":115,"column":29}},"65":{"start":{"line":116,"column":16},"end":{"line":116,"column":32}},"66":{"start":{"line":122,"column":0},"end":{"line":143,"column":2}},"67":{"start":{"line":123,"column":4},"end":{"line":123,"column":51}},"68":{"start":{"line":124,"column":4},"end":{"line":142,"column":7}},"69":{"start":{"line":125,"column":8},"end":{"line":141,"column":11}},"70":{"start":{"line":126,"column":12},"end":{"line":133,"column":15}},"71":{"start":{"line":127,"column":16},"end":{"line":132,"column":17}},"72":{"start":{"line":128,"column":20},"end":{"line":128,"column":30}},"73":{"start":{"line":131,"column":20},"end":{"line":131,"column":27}},"74":{"start":{"line":135,"column":12},"end":{"line":140,"column":13}},"75":{"start":{"line":136,"column":16},"end":{"line":136,"column":28}},"76":{"start":{"line":139,"column":16},"end":{"line":139,"column":26}},"77":{"start":{"line":145,"column":0},"end":{"line":156,"column":2}},"78":{"start":{"line":146,"column":4},"end":{"line":155,"column":7}},"79":{"start":{"line":147,"column":8},"end":{"line":154,"column":11}},"80":{"start":{"line":148,"column":12},"end":{"line":153,"column":13}},"81":{"start":{"line":149,"column":16},"end":{"line":149,"column":118}},"82":{"start":{"line":152,"column":16},"end":{"line":152,"column":32}},"83":{"start":{"line":158,"column":0},"end":{"line":160,"column":2}},"84":{"start":{"line":159,"column":4},"end":{"line":159,"column":70}},"85":{"start":{"line":162,"column":0},"end":{"line":189,"column":2}},"86":{"start":{"line":164,"column":8},"end":{"line":164,"column":26}},"87":{"start":{"line":165,"column":8},"end":{"line":165,"column":36}},"88":{"start":{"line":166,"column":8},"end":{"line":166,"column":21}},"89":{"start":{"line":167,"column":8},"end":{"line":177,"column":11}},"90":{"start":{"line":168,"column":12},"end":{"line":168,"column":41}},"91":{"start":{"line":169,"column":12},"end":{"line":176,"column":13}},"92":{"start":{"line":170,"column":16},"end":{"line":170,"column":55}},"93":{"start":{"line":171,"column":16},"end":{"line":171,"column":65}},"94":{"start":{"line":172,"column":16},"end":{"line":172,"column":38}},"95":{"start":{"line":175,"column":16},"end":{"line":175,"column":38}},"96":{"start":{"line":178,"column":8},"end":{"line":178,"column":24}},"97":{"start":{"line":181,"column":8},"end":{"line":181,"column":26}},"98":{"start":{"line":182,"column":8},"end":{"line":186,"column":11}},"99":{"start":{"line":183,"column":12},"end":{"line":185,"column":13}},"100":{"start":{"line":184,"column":16},"end":{"line":184,"column":105}},"101":{"start":{"line":187,"column":8},"end":{"line":187,"column":24}},"102":{"start":{"line":191,"column":0},"end":{"line":219,"column":1}},"103":{"start":{"line":193,"column":8},"end":{"line":203,"column":11}},"104":{"start":{"line":194,"column":12},"end":{"line":202,"column":15}},"105":{"start":{"line":195,"column":16},"end":{"line":201,"column":17}},"106":{"start":{"line":196,"column":20},"end":{"line":196,"column":32}},"107":{"start":{"line":199,"column":20},"end":{"line":199,"column":63}},"108":{"start":{"line":200,"column":20},"end":{"line":200,"column":38}},"109":{"start":{"line":206,"column":8},"end":{"line":217,"column":11}},"110":{"start":{"line":207,"column":12},"end":{"line":216,"column":15}},"111":{"start":{"line":208,"column":16},"end":{"line":215,"column":17}},"112":{"start":{"line":209,"column":20},"end":{"line":209,"column":32}},"113":{"start":{"line":212,"column":20},"end":{"line":212,"column":61}},"114":{"start":{"line":213,"column":20},"end":{"line":213,"column":48}},"115":{"start":{"line":214,"column":20},"end":{"line":214,"column":38}},"116":{"start":{"line":221,"column":0},"end":{"line":232,"column":2}},"117":{"start":{"line":222,"column":4},"end":{"line":231,"column":7}},"118":{"start":{"line":223,"column":8},"end":{"line":230,"column":11}},"119":{"start":{"line":224,"column":12},"end":{"line":229,"column":13}},"120":{"start":{"line":225,"column":16},"end":{"line":225,"column":28}},"121":{"start":{"line":228,"column":16},"end":{"line":228,"column":32}},"122":{"start":{"line":234,"column":0},"end":{"line":245,"column":2}},"123":{"start":{"line":235,"column":4},"end":{"line":244,"column":7}},"124":{"start":{"line":236,"column":8},"end":{"line":243,"column":11}},"125":{"start":{"line":237,"column":12},"end":{"line":242,"column":13}},"126":{"start":{"line":238,"column":16},"end":{"line":238,"column":28}},"127":{"start":{"line":241,"column":16},"end":{"line":241,"column":39}},"128":{"start":{"line":247,"column":0},"end":{"line":258,"column":2}},"129":{"start":{"line":248,"column":4},"end":{"line":257,"column":7}},"130":{"start":{"line":249,"column":8},"end":{"line":256,"column":11}},"131":{"start":{"line":250,"column":12},"end":{"line":255,"column":13}},"132":{"start":{"line":251,"column":16},"end":{"line":251,"column":28}},"133":{"start":{"line":254,"column":16},"end":{"line":254,"column":26}},"134":{"start":{"line":260,"column":0},"end":{"line":275,"column":2}}},"branchMap":{"1":{"line":14,"type":"if","locations":[{"start":{"line":14,"column":12},"end":{"line":14,"column":12}},{"start":{"line":14,"column":12},"end":{"line":14,"column":12}}]},"2":{"line":25,"type":"binary-expr","locations":[{"start":{"line":25,"column":14},"end":{"line":25,"column":21}},{"start":{"line":25,"column":25},"end":{"line":25,"column":27}}]},"3":{"line":28,"type":"if","locations":[{"start":{"line":28,"column":12},"end":{"line":28,"column":12}},{"start":{"line":28,"column":12},"end":{"line":28,"column":12}}]},"4":{"line":41,"type":"if","locations":[{"start":{"line":41,"column":12},"end":{"line":41,"column":12}},{"start":{"line":41,"column":12},"end":{"line":41,"column":12}}]},"5":{"line":54,"type":"if","locations":[{"start":{"line":54,"column":12},"end":{"line":54,"column":12}},{"start":{"line":54,"column":12},"end":{"line":54,"column":12}}]},"6":{"line":61,"type":"if","locations":[{"start":{"line":61,"column":20},"end":{"line":61,"column":20}},{"start":{"line":61,"column":20},"end":{"line":61,"column":20}}]},"7":{"line":74,"type":"if","locations":[{"start":{"line":74,"column":12},"end":{"line":74,"column":12}},{"start":{"line":74,"column":12},"end":{"line":74,"column":12}}]},"8":{"line":89,"type":"if","locations":[{"start":{"line":89,"column":12},"end":{"line":89,"column":12}},{"start":{"line":89,"column":12},"end":{"line":89,"column":12}}]},"9":{"line":95,"type":"if","locations":[{"start":{"line":95,"column":16},"end":{"line":95,"column":16}},{"start":{"line":95,"column":16},"end":{"line":95,"column":16}}]},"10":{"line":109,"type":"if","locations":[{"start":{"line":109,"column":12},"end":{"line":109,"column":12}},{"start":{"line":109,"column":12},"end":{"line":109,"column":12}}]},"11":{"line":123,"type":"cond-expr","locations":[{"start":{"line":123,"column":35},"end":{"line":123,"column":40}},{"start":{"line":123,"column":43},"end":{"line":123,"column":50}}]},"12":{"line":127,"type":"if","locations":[{"start":{"line":127,"column":16},"end":{"line":127,"column":16}},{"start":{"line":127,"column":16},"end":{"line":127,"column":16}}]},"13":{"line":135,"type":"if","locations":[{"start":{"line":135,"column":12},"end":{"line":135,"column":12}},{"start":{"line":135,"column":12},"end":{"line":135,"column":12}}]},"14":{"line":148,"type":"if","locations":[{"start":{"line":148,"column":12},"end":{"line":148,"column":12}},{"start":{"line":148,"column":12},"end":{"line":148,"column":12}}]},"15":{"line":159,"type":"cond-expr","locations":[{"start":{"line":159,"column":58},"end":{"line":159,"column":62}},{"start":{"line":159,"column":64},"end":{"line":159,"column":69}}]},"16":{"line":169,"type":"if","locations":[{"start":{"line":169,"column":12},"end":{"line":169,"column":12}},{"start":{"line":169,"column":12},"end":{"line":169,"column":12}}]},"17":{"line":183,"type":"if","locations":[{"start":{"line":183,"column":12},"end":{"line":183,"column":12}},{"start":{"line":183,"column":12},"end":{"line":183,"column":12}}]},"18":{"line":195,"type":"if","locations":[{"start":{"line":195,"column":16},"end":{"line":195,"column":16}},{"start":{"line":195,"column":16},"end":{"line":195,"column":16}}]},"19":{"line":208,"type":"if","locations":[{"start":{"line":208,"column":16},"end":{"line":208,"column":16}},{"start":{"line":208,"column":16},"end":{"line":208,"column":16}}]},"20":{"line":224,"type":"if","locations":[{"start":{"line":224,"column":12},"end":{"line":224,"column":12}},{"start":{"line":224,"column":12},"end":{"line":224,"column":12}}]},"21":{"line":237,"type":"if","locations":[{"start":{"line":237,"column":12},"end":{"line":237,"column":12}},{"start":{"line":237,"column":12},"end":{"line":237,"column":12}}]},"22":{"line":250,"type":"if","locations":[{"start":{"line":250,"column":12},"end":{"line":250,"column":12}},{"start":{"line":250,"column":12},"end":{"line":250,"column":12}}]}}}}