{"/home/dante/Documents/Programming/nodejs/github-lib/git.js":{"path":"/home/dante/Documents/Programming/nodejs/github-lib/git.js","s":{"1":14,"2":14,"3":14,"4":14,"5":14,"6":2,"7":2,"8":2,"9":1,"10":1,"11":14,"12":2,"13":2,"14":2,"15":2,"16":1,"17":1,"18":14,"19":2,"20":2,"21":2,"22":1,"23":1,"24":14,"25":1,"26":1,"27":1,"28":0,"29":1,"30":1,"31":1,"32":7,"33":1,"34":1,"35":14,"36":3,"37":3,"38":3,"39":1,"40":2,"41":2,"42":2,"43":1,"44":1,"45":14,"46":1,"47":1,"48":1,"49":0,"50":1,"51":1,"52":1,"53":1,"54":14,"55":3,"56":3,"57":3,"58":5,"59":5,"60":2,"61":3,"62":3,"63":1,"64":2,"65":14},"b":{"1":[1,1],"2":[2,2],"3":[1,1],"4":[1,1],"5":[0,1],"6":[1,6],"7":[1,2],"8":[1,1],"9":[0,1],"10":[2,1],"11":[2,3],"12":[1,2]},"f":{"1":2,"2":2,"3":2,"4":2,"5":2,"6":2,"7":2,"8":2,"9":2,"10":1,"11":1,"12":1,"13":7,"14":3,"15":3,"16":3,"17":1,"18":1,"19":1,"20":3,"21":3,"22":5,"23":5,"24":3},"fnMap":{"1":{"name":"(anonymous_1)","line":7,"loc":{"start":{"line":7,"column":10},"end":{"line":7,"column":25}}},"2":{"name":"(anonymous_2)","line":8,"loc":{"start":{"line":8,"column":23},"end":{"line":8,"column":48}}},"3":{"name":"(anonymous_3)","line":9,"loc":{"start":{"line":9,"column":33},"end":{"line":9,"column":46}}},"4":{"name":"(anonymous_4)","line":20,"loc":{"start":{"line":20,"column":13},"end":{"line":20,"column":39}}},"5":{"name":"(anonymous_5)","line":22,"loc":{"start":{"line":22,"column":23},"end":{"line":22,"column":48}}},"6":{"name":"(anonymous_6)","line":23,"loc":{"start":{"line":23,"column":66},"end":{"line":23,"column":79}}},"7":{"name":"(anonymous_7)","line":34,"loc":{"start":{"line":34,"column":23},"end":{"line":34,"column":33}}},"8":{"name":"(anonymous_8)","line":35,"loc":{"start":{"line":35,"column":23},"end":{"line":35,"column":48}}},"9":{"name":"(anonymous_9)","line":36,"loc":{"start":{"line":36,"column":48},"end":{"line":36,"column":69}}},"10":{"name":"(anonymous_10)","line":47,"loc":{"start":{"line":47,"column":21},"end":{"line":47,"column":31}}},"11":{"name":"(anonymous_11)","line":48,"loc":{"start":{"line":48,"column":23},"end":{"line":48,"column":48}}},"12":{"name":"(anonymous_12)","line":49,"loc":{"start":{"line":49,"column":27},"end":{"line":49,"column":48}}},"13":{"name":"(anonymous_13)","line":56,"loc":{"start":{"line":56,"column":31},"end":{"line":56,"column":45}}},"14":{"name":"(anonymous_14)","line":67,"loc":{"start":{"line":67,"column":24},"end":{"line":67,"column":34}}},"15":{"name":"(anonymous_15)","line":68,"loc":{"start":{"line":68,"column":23},"end":{"line":68,"column":48}}},"16":{"name":"(anonymous_16)","line":69,"loc":{"start":{"line":69,"column":27},"end":{"line":69,"column":48}}},"17":{"name":"(anonymous_17)","line":87,"loc":{"start":{"line":87,"column":24},"end":{"line":87,"column":34}}},"18":{"name":"(anonymous_18)","line":88,"loc":{"start":{"line":88,"column":23},"end":{"line":88,"column":48}}},"19":{"name":"(anonymous_19)","line":89,"loc":{"start":{"line":89,"column":37},"end":{"line":89,"column":58}}},"20":{"name":"(anonymous_20)","line":103,"loc":{"start":{"line":103,"column":13},"end":{"line":103,"column":28}}},"21":{"name":"(anonymous_21)","line":105,"loc":{"start":{"line":105,"column":23},"end":{"line":105,"column":48}}},"22":{"name":"(anonymous_22)","line":106,"loc":{"start":{"line":106,"column":26},"end":{"line":106,"column":46}}},"23":{"name":"(anonymous_23)","line":107,"loc":{"start":{"line":107,"column":44},"end":{"line":107,"column":57}}},"24":{"name":"(anonymous_24)","line":115,"loc":{"start":{"line":115,"column":11},"end":{"line":115,"column":24}}}},"statementMap":{"1":{"start":{"line":2,"column":0},"end":{"line":2,"column":33}},"2":{"start":{"line":3,"column":0},"end":{"line":3,"column":41}},"3":{"start":{"line":4,"column":0},"end":{"line":4,"column":29}},"4":{"start":{"line":5,"column":0},"end":{"line":5,"column":18}},"5":{"start":{"line":7,"column":0},"end":{"line":18,"column":2}},"6":{"start":{"line":8,"column":4},"end":{"line":17,"column":7}},"7":{"start":{"line":9,"column":8},"end":{"line":16,"column":11}},"8":{"start":{"line":10,"column":12},"end":{"line":15,"column":13}},"9":{"start":{"line":11,"column":16},"end":{"line":11,"column":28}},"10":{"start":{"line":14,"column":16},"end":{"line":14,"column":26}},"11":{"start":{"line":20,"column":0},"end":{"line":32,"column":2}},"12":{"start":{"line":21,"column":4},"end":{"line":21,"column":28}},"13":{"start":{"line":22,"column":4},"end":{"line":31,"column":7}},"14":{"start":{"line":23,"column":8},"end":{"line":30,"column":11}},"15":{"start":{"line":24,"column":12},"end":{"line":29,"column":13}},"16":{"start":{"line":25,"column":16},"end":{"line":25,"column":28}},"17":{"start":{"line":28,"column":16},"end":{"line":28,"column":26}},"18":{"start":{"line":34,"column":0},"end":{"line":45,"column":2}},"19":{"start":{"line":35,"column":4},"end":{"line":44,"column":7}},"20":{"start":{"line":36,"column":8},"end":{"line":43,"column":11}},"21":{"start":{"line":37,"column":12},"end":{"line":42,"column":13}},"22":{"start":{"line":38,"column":16},"end":{"line":38,"column":28}},"23":{"start":{"line":41,"column":16},"end":{"line":41,"column":53}},"24":{"start":{"line":47,"column":0},"end":{"line":65,"column":2}},"25":{"start":{"line":48,"column":4},"end":{"line":64,"column":7}},"26":{"start":{"line":49,"column":8},"end":{"line":63,"column":11}},"27":{"start":{"line":50,"column":12},"end":{"line":62,"column":13}},"28":{"start":{"line":51,"column":16},"end":{"line":51,"column":28}},"29":{"start":{"line":54,"column":16},"end":{"line":54,"column":36}},"30":{"start":{"line":55,"column":16},"end":{"line":55,"column":44}},"31":{"start":{"line":56,"column":16},"end":{"line":60,"column":19}},"32":{"start":{"line":57,"column":20},"end":{"line":59,"column":21}},"33":{"start":{"line":58,"column":24},"end":{"line":58,"column":46}},"34":{"start":{"line":61,"column":16},"end":{"line":61,"column":47}},"35":{"start":{"line":67,"column":0},"end":{"line":85,"column":2}},"36":{"start":{"line":68,"column":4},"end":{"line":84,"column":7}},"37":{"start":{"line":69,"column":8},"end":{"line":83,"column":11}},"38":{"start":{"line":70,"column":12},"end":{"line":82,"column":13}},"39":{"start":{"line":71,"column":16},"end":{"line":71,"column":28}},"40":{"start":{"line":74,"column":16},"end":{"line":74,"column":43}},"41":{"start":{"line":75,"column":16},"end":{"line":75,"column":29}},"42":{"start":{"line":76,"column":16},"end":{"line":81,"column":17}},"43":{"start":{"line":77,"column":20},"end":{"line":77,"column":59}},"44":{"start":{"line":80,"column":20},"end":{"line":80,"column":30}},"45":{"start":{"line":87,"column":0},"end":{"line":101,"column":2}},"46":{"start":{"line":88,"column":4},"end":{"line":100,"column":7}},"47":{"start":{"line":89,"column":8},"end":{"line":99,"column":11}},"48":{"start":{"line":90,"column":12},"end":{"line":98,"column":13}},"49":{"start":{"line":91,"column":16},"end":{"line":91,"column":28}},"50":{"start":{"line":94,"column":16},"end":{"line":94,"column":36}},"51":{"start":{"line":95,"column":16},"end":{"line":95,"column":44}},"52":{"start":{"line":96,"column":16},"end":{"line":96,"column":29}},"53":{"start":{"line":97,"column":16},"end":{"line":97,"column":32}},"54":{"start":{"line":103,"column":0},"end":{"line":124,"column":2}},"55":{"start":{"line":104,"column":4},"end":{"line":104,"column":51}},"56":{"start":{"line":105,"column":4},"end":{"line":123,"column":7}},"57":{"start":{"line":106,"column":8},"end":{"line":122,"column":11}},"58":{"start":{"line":107,"column":12},"end":{"line":114,"column":15}},"59":{"start":{"line":108,"column":16},"end":{"line":113,"column":17}},"60":{"start":{"line":109,"column":20},"end":{"line":109,"column":30}},"61":{"start":{"line":112,"column":20},"end":{"line":112,"column":27}},"62":{"start":{"line":116,"column":12},"end":{"line":121,"column":13}},"63":{"start":{"line":117,"column":16},"end":{"line":117,"column":28}},"64":{"start":{"line":120,"column":16},"end":{"line":120,"column":26}},"65":{"start":{"line":126,"column":0},"end":{"line":134,"column":2}}},"branchMap":{"1":{"line":10,"type":"if","locations":[{"start":{"line":10,"column":12},"end":{"line":10,"column":12}},{"start":{"line":10,"column":12},"end":{"line":10,"column":12}}]},"2":{"line":21,"type":"binary-expr","locations":[{"start":{"line":21,"column":14},"end":{"line":21,"column":21}},{"start":{"line":21,"column":25},"end":{"line":21,"column":27}}]},"3":{"line":24,"type":"if","locations":[{"start":{"line":24,"column":12},"end":{"line":24,"column":12}},{"start":{"line":24,"column":12},"end":{"line":24,"column":12}}]},"4":{"line":37,"type":"if","locations":[{"start":{"line":37,"column":12},"end":{"line":37,"column":12}},{"start":{"line":37,"column":12},"end":{"line":37,"column":12}}]},"5":{"line":50,"type":"if","locations":[{"start":{"line":50,"column":12},"end":{"line":50,"column":12}},{"start":{"line":50,"column":12},"end":{"line":50,"column":12}}]},"6":{"line":57,"type":"if","locations":[{"start":{"line":57,"column":20},"end":{"line":57,"column":20}},{"start":{"line":57,"column":20},"end":{"line":57,"column":20}}]},"7":{"line":70,"type":"if","locations":[{"start":{"line":70,"column":12},"end":{"line":70,"column":12}},{"start":{"line":70,"column":12},"end":{"line":70,"column":12}}]},"8":{"line":76,"type":"if","locations":[{"start":{"line":76,"column":16},"end":{"line":76,"column":16}},{"start":{"line":76,"column":16},"end":{"line":76,"column":16}}]},"9":{"line":90,"type":"if","locations":[{"start":{"line":90,"column":12},"end":{"line":90,"column":12}},{"start":{"line":90,"column":12},"end":{"line":90,"column":12}}]},"10":{"line":104,"type":"cond-expr","locations":[{"start":{"line":104,"column":35},"end":{"line":104,"column":40}},{"start":{"line":104,"column":43},"end":{"line":104,"column":50}}]},"11":{"line":108,"type":"if","locations":[{"start":{"line":108,"column":16},"end":{"line":108,"column":16}},{"start":{"line":108,"column":16},"end":{"line":108,"column":16}}]},"12":{"line":116,"type":"if","locations":[{"start":{"line":116,"column":12},"end":{"line":116,"column":12}},{"start":{"line":116,"column":12},"end":{"line":116,"column":12}}]}}}}