TN:
SF:/home/dante/Documents/Programming/nodejs/github-lib/git.js
FN:9,(anonymous_1)
FN:10,(anonymous_2)
FN:11,(anonymous_3)
FN:22,(anonymous_4)
FN:24,(anonymous_5)
FN:25,(anonymous_6)
FN:36,(anonymous_7)
FN:37,(anonymous_8)
FN:38,(anonymous_9)
FN:49,(anonymous_10)
FN:50,(anonymous_11)
FN:51,(anonymous_12)
FN:58,(anonymous_13)
FN:69,(anonymous_14)
FN:70,(anonymous_15)
FN:71,(anonymous_16)
FN:89,(anonymous_17)
FN:90,(anonymous_18)
FN:91,(anonymous_19)
FN:105,(anonymous_20)
FN:107,(anonymous_21)
FN:108,(anonymous_22)
FN:109,(anonymous_23)
FN:117,(anonymous_24)
FN:128,(anonymous_25)
FN:129,(anonymous_26)
FN:130,(anonymous_27)
FN:141,(anonymous_28)
FNF:28
FNH:28
FNDA:2,(anonymous_1)
FNDA:2,(anonymous_2)
FNDA:2,(anonymous_3)
FNDA:2,(anonymous_4)
FNDA:2,(anonymous_5)
FNDA:2,(anonymous_6)
FNDA:2,(anonymous_7)
FNDA:2,(anonymous_8)
FNDA:2,(anonymous_9)
FNDA:1,(anonymous_10)
FNDA:1,(anonymous_11)
FNDA:1,(anonymous_12)
FNDA:7,(anonymous_13)
FNDA:3,(anonymous_14)
FNDA:3,(anonymous_15)
FNDA:3,(anonymous_16)
FNDA:1,(anonymous_17)
FNDA:1,(anonymous_18)
FNDA:1,(anonymous_19)
FNDA:3,(anonymous_20)
FNDA:3,(anonymous_21)
FNDA:5,(anonymous_22)
FNDA:5,(anonymous_23)
FNDA:3,(anonymous_24)
FNDA:1,(anonymous_25)
FNDA:1,(anonymous_26)
FNDA:1,(anonymous_27)
FNDA:1,(anonymous_28)
DA:2,16
DA:3,16
DA:4,16
DA:5,16
DA:6,16
DA:7,16
DA:9,16
DA:10,2
DA:11,2
DA:12,2
DA:13,1
DA:16,1
DA:22,16
DA:23,2
DA:24,2
DA:25,2
DA:26,2
DA:27,1
DA:30,1
DA:36,16
DA:37,2
DA:38,2
DA:39,2
DA:40,1
DA:43,1
DA:49,16
DA:50,1
DA:51,1
DA:52,1
DA:53,0
DA:56,1
DA:57,1
DA:58,1
DA:59,7
DA:60,1
DA:63,1
DA:69,16
DA:70,3
DA:71,3
DA:72,3
DA:73,1
DA:76,2
DA:77,2
DA:78,2
DA:79,1
DA:82,1
DA:89,16
DA:90,1
DA:91,1
DA:92,1
DA:93,0
DA:96,1
DA:97,1
DA:98,1
DA:99,1
DA:105,16
DA:106,3
DA:107,3
DA:108,3
DA:109,5
DA:110,5
DA:111,2
DA:114,3
DA:118,3
DA:119,1
DA:122,2
DA:128,16
DA:129,1
DA:130,1
DA:131,1
DA:132,1
DA:135,0
DA:141,16
DA:142,1
DA:145,16
LF:75
LH:72
BRDA:12,1,0,1
BRDA:12,1,1,1
BRDA:23,2,0,2
BRDA:23,2,1,2
BRDA:26,3,0,1
BRDA:26,3,1,1
BRDA:39,4,0,1
BRDA:39,4,1,1
BRDA:52,5,0,0
BRDA:52,5,1,1
BRDA:59,6,0,1
BRDA:59,6,1,6
BRDA:72,7,0,1
BRDA:72,7,1,2
BRDA:78,8,0,1
BRDA:78,8,1,1
BRDA:92,9,0,0
BRDA:92,9,1,1
BRDA:106,10,0,2
BRDA:106,10,1,1
BRDA:110,11,0,2
BRDA:110,11,1,3
BRDA:118,12,0,1
BRDA:118,12,1,2
BRDA:131,13,0,1
BRDA:131,13,1,0
BRF:26
BRH:23
end_of_record
