TN:
SF:/home/dante/Documents/Programming/nodejs/git-lib/git.js
FN:10,(anonymous_1)
FN:11,(anonymous_2)
FN:12,(anonymous_3)
FN:23,(anonymous_4)
FN:25,(anonymous_5)
FN:26,(anonymous_6)
FN:37,(anonymous_7)
FN:38,(anonymous_8)
FN:39,(anonymous_9)
FN:50,(anonymous_10)
FN:51,(anonymous_11)
FN:52,(anonymous_12)
FN:59,(anonymous_13)
FN:70,(anonymous_14)
FN:71,(anonymous_15)
FN:72,(anonymous_16)
FN:85,(anonymous_17)
FN:86,(anonymous_18)
FN:87,(anonymous_19)
FN:105,(anonymous_20)
FN:106,(anonymous_21)
FN:107,(anonymous_22)
FN:121,(anonymous_23)
FN:123,(anonymous_24)
FN:124,(anonymous_25)
FN:125,(anonymous_26)
FN:133,(anonymous_27)
FN:144,(anonymous_28)
FN:145,(anonymous_29)
FN:146,(anonymous_30)
FN:157,(anonymous_31)
FN:162,(anonymous_32)
FN:166,(anonymous_33)
FN:179,(anonymous_34)
FN:181,(anonymous_35)
FN:191,(anonymous_36)
FN:192,(anonymous_37)
FN:193,(anonymous_38)
FN:204,(anonymous_39)
FN:205,(anonymous_40)
FN:206,(anonymous_41)
FN:220,(anonymous_42)
FN:221,(anonymous_43)
FN:222,(anonymous_44)
FN:233,(anonymous_45)
FN:234,(anonymous_46)
FN:235,(anonymous_47)
FNF:47
FNH:47
FNDA:2,(anonymous_1)
FNDA:2,(anonymous_2)
FNDA:2,(anonymous_3)
FNDA:2,(anonymous_4)
FNDA:2,(anonymous_5)
FNDA:2,(anonymous_6)
FNDA:2,(anonymous_7)
FNDA:2,(anonymous_8)
FNDA:2,(anonymous_9)
FNDA:2,(anonymous_10)
FNDA:2,(anonymous_11)
FNDA:2,(anonymous_12)
FNDA:7,(anonymous_13)
FNDA:2,(anonymous_14)
FNDA:2,(anonymous_15)
FNDA:2,(anonymous_16)
FNDA:3,(anonymous_17)
FNDA:3,(anonymous_18)
FNDA:3,(anonymous_19)
FNDA:2,(anonymous_20)
FNDA:2,(anonymous_21)
FNDA:2,(anonymous_22)
FNDA:3,(anonymous_23)
FNDA:3,(anonymous_24)
FNDA:5,(anonymous_25)
FNDA:5,(anonymous_26)
FNDA:3,(anonymous_27)
FNDA:1,(anonymous_28)
FNDA:1,(anonymous_29)
FNDA:1,(anonymous_30)
FNDA:1,(anonymous_31)
FNDA:1,(anonymous_32)
FNDA:5,(anonymous_33)
FNDA:1,(anonymous_34)
FNDA:3,(anonymous_35)
FNDA:2,(anonymous_36)
FNDA:2,(anonymous_37)
FNDA:2,(anonymous_38)
FNDA:2,(anonymous_39)
FNDA:2,(anonymous_40)
FNDA:2,(anonymous_41)
FNDA:2,(anonymous_42)
FNDA:2,(anonymous_43)
FNDA:2,(anonymous_44)
FNDA:2,(anonymous_45)
FNDA:2,(anonymous_46)
FNDA:2,(anonymous_47)
DA:2,28
DA:3,28
DA:4,28
DA:5,28
DA:6,28
DA:7,28
DA:8,28
DA:10,28
DA:11,2
DA:12,2
DA:13,2
DA:14,1
DA:17,1
DA:23,28
DA:24,2
DA:25,2
DA:26,2
DA:27,2
DA:28,1
DA:31,1
DA:37,28
DA:38,2
DA:39,2
DA:40,2
DA:41,1
DA:44,1
DA:50,28
DA:51,2
DA:52,2
DA:53,2
DA:54,1
DA:57,1
DA:58,1
DA:59,1
DA:60,7
DA:61,1
DA:64,1
DA:70,28
DA:71,2
DA:72,2
DA:73,2
DA:74,1
DA:77,1
DA:78,1
DA:79,1
DA:85,28
DA:86,3
DA:87,3
DA:88,3
DA:89,1
DA:92,2
DA:93,2
DA:94,2
DA:95,1
DA:98,1
DA:105,28
DA:106,2
DA:107,2
DA:108,2
DA:109,1
DA:112,1
DA:113,1
DA:114,1
DA:115,1
DA:121,28
DA:122,3
DA:123,3
DA:124,3
DA:125,5
DA:126,5
DA:127,2
DA:130,3
DA:134,3
DA:135,1
DA:138,2
DA:144,28
DA:145,1
DA:146,1
DA:147,1
DA:148,0
DA:151,1
DA:157,28
DA:158,1
DA:161,28
DA:163,1
DA:164,1
DA:165,1
DA:166,1
DA:167,5
DA:168,5
DA:169,3
DA:170,3
DA:171,3
DA:174,2
DA:177,1
DA:180,1
DA:181,1
DA:182,3
DA:183,2
DA:186,1
DA:190,28
DA:192,2
DA:193,2
DA:194,2
DA:195,1
DA:198,1
DA:199,1
DA:205,2
DA:206,2
DA:207,2
DA:208,1
DA:211,1
DA:212,1
DA:213,1
DA:220,28
DA:221,2
DA:222,2
DA:223,2
DA:224,1
DA:227,1
DA:233,28
DA:234,2
DA:235,2
DA:236,2
DA:237,1
DA:240,1
DA:247,28
LF:127
LH:126
BRDA:13,1,0,1
BRDA:13,1,1,1
BRDA:24,2,0,2
BRDA:24,2,1,2
BRDA:27,3,0,1
BRDA:27,3,1,1
BRDA:40,4,0,1
BRDA:40,4,1,1
BRDA:53,5,0,1
BRDA:53,5,1,1
BRDA:60,6,0,1
BRDA:60,6,1,6
BRDA:73,7,0,1
BRDA:73,7,1,1
BRDA:88,8,0,1
BRDA:88,8,1,2
BRDA:94,9,0,1
BRDA:94,9,1,1
BRDA:108,10,0,1
BRDA:108,10,1,1
BRDA:122,11,0,2
BRDA:122,11,1,1
BRDA:126,12,0,2
BRDA:126,12,1,3
BRDA:134,13,0,1
BRDA:134,13,1,2
BRDA:147,14,0,0
BRDA:147,14,1,1
BRDA:158,15,0,1
BRDA:158,15,1,0
BRDA:168,16,0,3
BRDA:168,16,1,2
BRDA:182,17,0,2
BRDA:182,17,1,1
BRDA:194,18,0,1
BRDA:194,18,1,1
BRDA:207,19,0,1
BRDA:207,19,1,1
BRDA:223,20,0,1
BRDA:223,20,1,1
BRDA:236,21,0,1
BRDA:236,21,1,1
BRF:42
BRH:40
end_of_record
